[2020-04-26 02:01:03,824] DEBUG preRegister called. Server=com.sun.jmx.mbeanserver.JmxMBeanServer@66d3c617, name=log4j:logger=kafka.controller (kafka.controller)
[2020-04-26 02:02:35,061] DEBUG preRegister called. Server=com.sun.jmx.mbeanserver.JmxMBeanServer@66d3c617, name=log4j:logger=kafka.controller (kafka.controller)
[2020-04-26 02:09:51,023] INFO [ControllerEventThread controllerId=0] Starting (kafka.controller.ControllerEventManager$ControllerEventThread)
[2020-04-26 02:09:51,163] INFO [Controller id=0] 0 successfully elected as the controller. Epoch incremented to 1 and epoch zk version is now 1 (kafka.controller.KafkaController)
[2020-04-26 02:09:51,164] INFO [Controller id=0] Registering handlers (kafka.controller.KafkaController)
[2020-04-26 02:09:51,169] INFO [Controller id=0] Deleting log dir event notifications (kafka.controller.KafkaController)
[2020-04-26 02:09:51,174] INFO [Controller id=0] Deleting isr change notifications (kafka.controller.KafkaController)
[2020-04-26 02:09:51,177] INFO [Controller id=0] Initializing controller context (kafka.controller.KafkaController)
[2020-04-26 02:09:51,226] INFO [Controller id=0] Initialized broker epochs cache: Map(0 -> 26) (kafka.controller.KafkaController)
[2020-04-26 02:09:51,280] DEBUG [Controller id=0] Register BrokerModifications handler for Set(0) (kafka.controller.KafkaController)
[2020-04-26 02:09:51,285] DEBUG [Channel manager on controller 0]: Controller 0 trying to connect to broker 0 (kafka.controller.ControllerChannelManager)
[2020-04-26 02:09:51,298] INFO [RequestSendThread controllerId=0] Starting (kafka.controller.RequestSendThread)
[2020-04-26 02:09:51,298] INFO [Controller id=0] Currently active brokers in the cluster: Set(0) (kafka.controller.KafkaController)
[2020-04-26 02:09:51,298] INFO [Controller id=0] Currently shutting brokers in the cluster: Set() (kafka.controller.KafkaController)
[2020-04-26 02:09:51,299] INFO [Controller id=0] Current list of topics in the cluster: Set() (kafka.controller.KafkaController)
[2020-04-26 02:09:51,299] INFO [Controller id=0] Fetching topic deletions in progress (kafka.controller.KafkaController)
[2020-04-26 02:09:51,302] INFO [Controller id=0] List of topics to be deleted:  (kafka.controller.KafkaController)
[2020-04-26 02:09:51,303] INFO [Controller id=0] List of topics ineligible for deletion:  (kafka.controller.KafkaController)
[2020-04-26 02:09:51,303] INFO [Controller id=0] Initializing topic deletion manager (kafka.controller.KafkaController)
[2020-04-26 02:09:51,304] INFO [Topic Deletion Manager 0] Initializing manager with initial deletions: Set(), initial ineligible deletions: Set() (kafka.controller.TopicDeletionManager)
[2020-04-26 02:09:51,304] INFO [Controller id=0] Sending update metadata request (kafka.controller.KafkaController)
[2020-04-26 02:09:51,314] INFO [ReplicaStateMachine controllerId=0] Initializing replica state (kafka.controller.ZkReplicaStateMachine)
[2020-04-26 02:09:51,315] INFO [ReplicaStateMachine controllerId=0] Triggering online replica state changes (kafka.controller.ZkReplicaStateMachine)
[2020-04-26 02:09:51,322] INFO [ReplicaStateMachine controllerId=0] Triggering offline replica state changes (kafka.controller.ZkReplicaStateMachine)
[2020-04-26 02:09:51,322] DEBUG [ReplicaStateMachine controllerId=0] Started replica state machine with initial state -> Map() (kafka.controller.ZkReplicaStateMachine)
[2020-04-26 02:09:51,322] INFO [PartitionStateMachine controllerId=0] Initializing partition state (kafka.controller.ZkPartitionStateMachine)
[2020-04-26 02:09:51,323] INFO [RequestSendThread controllerId=0] Controller 0 connected to DESKTOP-32US03S:9092 (id: 0 rack: null) for sending state change requests (kafka.controller.RequestSendThread)
[2020-04-26 02:09:51,323] INFO [PartitionStateMachine controllerId=0] Triggering online partition state changes (kafka.controller.ZkPartitionStateMachine)
[2020-04-26 02:09:51,328] DEBUG [PartitionStateMachine controllerId=0] Started partition state machine with initial state -> Map() (kafka.controller.ZkPartitionStateMachine)
[2020-04-26 02:09:51,328] INFO [Controller id=0] Ready to serve as the new controller with epoch 1 (kafka.controller.KafkaController)
[2020-04-26 02:09:51,333] INFO [Controller id=0] Partitions undergoing preferred replica election:  (kafka.controller.KafkaController)
[2020-04-26 02:09:51,333] INFO [Controller id=0] Partitions that completed preferred replica election:  (kafka.controller.KafkaController)
[2020-04-26 02:09:51,334] INFO [Controller id=0] Skipping preferred replica election for partitions due to topic deletion:  (kafka.controller.KafkaController)
[2020-04-26 02:09:51,334] INFO [Controller id=0] Resuming preferred replica election for partitions:  (kafka.controller.KafkaController)
[2020-04-26 02:09:51,336] INFO [Controller id=0] Starting replica leader election (PREFERRED) for partitions  triggered by ZkTriggered (kafka.controller.KafkaController)
[2020-04-26 02:09:51,414] INFO [Controller id=0] Starting the controller scheduler (kafka.controller.KafkaController)
[2020-04-26 02:09:56,416] INFO [Controller id=0] Processing automatic preferred replica leader election (kafka.controller.KafkaController)
[2020-04-26 02:09:56,416] TRACE [Controller id=0] Checking need to trigger auto leader balancing (kafka.controller.KafkaController)
[2020-04-26 02:12:57,973] INFO [Controller id=0] New topics: [Set(testFrontend)], deleted topics: [Set()], new partition replica assignment [Map(testFrontend-0 -> ReplicaAssignment(replicas=0, addingReplicas=, removingReplicas=))] (kafka.controller.KafkaController)
[2020-04-26 02:12:57,974] INFO [Controller id=0] New partition creation callback for testFrontend-0 (kafka.controller.KafkaController)
[2020-04-26 02:14:56,419] INFO [Controller id=0] Processing automatic preferred replica leader election (kafka.controller.KafkaController)
[2020-04-26 02:14:56,419] TRACE [Controller id=0] Checking need to trigger auto leader balancing (kafka.controller.KafkaController)
[2020-04-26 02:14:56,420] DEBUG [Controller id=0] Topics not in preferred replica for broker 0 Map() (kafka.controller.KafkaController)
[2020-04-26 02:14:56,421] TRACE [Controller id=0] Leader imbalance ratio for broker 0 is 0.0 (kafka.controller.KafkaController)
[2020-04-26 02:19:56,421] INFO [Controller id=0] Processing automatic preferred replica leader election (kafka.controller.KafkaController)
[2020-04-26 02:19:56,421] TRACE [Controller id=0] Checking need to trigger auto leader balancing (kafka.controller.KafkaController)
[2020-04-26 02:19:56,421] DEBUG [Controller id=0] Topics not in preferred replica for broker 0 Map() (kafka.controller.KafkaController)
[2020-04-26 02:19:56,421] TRACE [Controller id=0] Leader imbalance ratio for broker 0 is 0.0 (kafka.controller.KafkaController)
[2020-04-26 02:24:56,423] INFO [Controller id=0] Processing automatic preferred replica leader election (kafka.controller.KafkaController)
[2020-04-26 02:24:56,423] TRACE [Controller id=0] Checking need to trigger auto leader balancing (kafka.controller.KafkaController)
[2020-04-26 02:24:56,423] DEBUG [Controller id=0] Topics not in preferred replica for broker 0 Map() (kafka.controller.KafkaController)
[2020-04-26 02:24:56,423] TRACE [Controller id=0] Leader imbalance ratio for broker 0 is 0.0 (kafka.controller.KafkaController)
