[2020-04-26 02:01:03,808] INFO autopurge.snapRetainCount set to 3 (org.apache.zookeeper.server.DatadirCleanupManager)
[2020-04-26 02:01:03,810] INFO autopurge.purgeInterval set to 0 (org.apache.zookeeper.server.DatadirCleanupManager)
[2020-04-26 02:01:03,810] INFO Purge task is not scheduled. (org.apache.zookeeper.server.DatadirCleanupManager)
[2020-04-26 02:01:03,811] WARN Either no config or no quorum defined in config, running  in standalone mode (org.apache.zookeeper.server.quorum.QuorumPeerMain)
[2020-04-26 02:01:03,813] INFO Log4j found with jmx enabled. (org.apache.zookeeper.jmx.ManagedUtil)
[2020-04-26 02:01:03,828] ERROR Invalid arguments, exiting abnormally (org.apache.zookeeper.server.ZooKeeperServerMain)
java.lang.NumberFormatException: For input string: "../../config"
	at java.lang.NumberFormatException.forInputString(Unknown Source)
	at java.lang.Integer.parseInt(Unknown Source)
	at java.lang.Integer.parseInt(Unknown Source)
	at org.apache.zookeeper.server.ServerConfig.parse(ServerConfig.java:63)
	at org.apache.zookeeper.server.ZooKeeperServerMain.initializeAndRun(ZooKeeperServerMain.java:103)
	at org.apache.zookeeper.server.ZooKeeperServerMain.main(ZooKeeperServerMain.java:64)
	at org.apache.zookeeper.server.quorum.QuorumPeerMain.initializeAndRun(QuorumPeerMain.java:128)
	at org.apache.zookeeper.server.quorum.QuorumPeerMain.main(QuorumPeerMain.java:82)
[2020-04-26 02:01:03,831] INFO Usage: ZooKeeperServerMain configfile | port datadir [ticktime] [maxcnxns] (org.apache.zookeeper.server.ZooKeeperServerMain)
[2020-04-26 02:02:35,008] INFO Reading configuration from: ../../config/zookeeper.properties (org.apache.zookeeper.server.quorum.QuorumPeerConfig)
[2020-04-26 02:02:35,025] WARN ..\..\config\zookeeper.properties is relative. Prepend .\ to indicate that you're sure! (org.apache.zookeeper.server.quorum.QuorumPeerConfig)
[2020-04-26 02:02:35,040] INFO clientPortAddress is 0.0.0.0:2181 (org.apache.zookeeper.server.quorum.QuorumPeerConfig)
[2020-04-26 02:02:35,040] INFO secureClientPort is not set (org.apache.zookeeper.server.quorum.QuorumPeerConfig)
[2020-04-26 02:02:35,050] INFO autopurge.snapRetainCount set to 3 (org.apache.zookeeper.server.DatadirCleanupManager)
[2020-04-26 02:02:35,050] INFO autopurge.purgeInterval set to 0 (org.apache.zookeeper.server.DatadirCleanupManager)
[2020-04-26 02:02:35,050] INFO Purge task is not scheduled. (org.apache.zookeeper.server.DatadirCleanupManager)
[2020-04-26 02:02:35,051] WARN Either no config or no quorum defined in config, running  in standalone mode (org.apache.zookeeper.server.quorum.QuorumPeerMain)
[2020-04-26 02:02:35,052] INFO Log4j found with jmx enabled. (org.apache.zookeeper.jmx.ManagedUtil)
[2020-04-26 02:02:35,064] INFO Reading configuration from: ../../config/zookeeper.properties (org.apache.zookeeper.server.quorum.QuorumPeerConfig)
[2020-04-26 02:02:35,064] WARN ..\..\config\zookeeper.properties is relative. Prepend .\ to indicate that you're sure! (org.apache.zookeeper.server.quorum.QuorumPeerConfig)
[2020-04-26 02:02:35,065] INFO clientPortAddress is 0.0.0.0:2181 (org.apache.zookeeper.server.quorum.QuorumPeerConfig)
[2020-04-26 02:02:35,066] INFO secureClientPort is not set (org.apache.zookeeper.server.quorum.QuorumPeerConfig)
[2020-04-26 02:02:35,066] INFO Starting server (org.apache.zookeeper.server.ZooKeeperServerMain)
[2020-04-26 02:02:35,070] INFO zookeeper.snapshot.trust.empty : false (org.apache.zookeeper.server.persistence.FileTxnSnapLog)
[2020-04-26 02:02:35,088] INFO Server environment:zookeeper.version=3.5.7-f0fdd52973d373ffd9c86b81d99842dc2c7f660e, built on 02/10/2020 11:30 GMT (org.apache.zookeeper.server.ZooKeeperServer)
[2020-04-26 02:02:35,088] INFO Server environment:host.name=DESKTOP-32US03S (org.apache.zookeeper.server.ZooKeeperServer)
[2020-04-26 02:02:35,089] INFO Server environment:java.version=1.8.0_241 (org.apache.zookeeper.server.ZooKeeperServer)
[2020-04-26 02:02:35,090] INFO Server environment:java.vendor=Oracle Corporation (org.apache.zookeeper.server.ZooKeeperServer)
[2020-04-26 02:02:35,090] INFO Server environment:java.home=C:\Program Files\Java\jre1.8.0_241 (org.apache.zookeeper.server.ZooKeeperServer)
[2020-04-26 02:02:35,091] INFO Server environment:java.class.path=D:\Projects\COVID-19_Visulize\kafka\libs\activation-1.1.1.jar;D:\Projects\COVID-19_Visulize\kafka\libs\aopalliance-repackaged-2.5.0.jar;D:\Projects\COVID-19_Visulize\kafka\libs\argparse4j-0.7.0.jar;D:\Projects\COVID-19_Visulize\kafka\libs\audience-annotations-0.5.0.jar;D:\Projects\COVID-19_Visulize\kafka\libs\commons-cli-1.4.jar;D:\Projects\COVID-19_Visulize\kafka\libs\commons-lang3-3.8.1.jar;D:\Projects\COVID-19_Visulize\kafka\libs\connect-api-2.5.0.jar;D:\Projects\COVID-19_Visulize\kafka\libs\connect-basic-auth-extension-2.5.0.jar;D:\Projects\COVID-19_Visulize\kafka\libs\connect-file-2.5.0.jar;D:\Projects\COVID-19_Visulize\kafka\libs\connect-json-2.5.0.jar;D:\Projects\COVID-19_Visulize\kafka\libs\connect-mirror-2.5.0.jar;D:\Projects\COVID-19_Visulize\kafka\libs\connect-mirror-client-2.5.0.jar;D:\Projects\COVID-19_Visulize\kafka\libs\connect-runtime-2.5.0.jar;D:\Projects\COVID-19_Visulize\kafka\libs\connect-transforms-2.5.0.jar;D:\Projects\COVID-19_Visulize\kafka\libs\hk2-api-2.5.0.jar;D:\Projects\COVID-19_Visulize\kafka\libs\hk2-locator-2.5.0.jar;D:\Projects\COVID-19_Visulize\kafka\libs\hk2-utils-2.5.0.jar;D:\Projects\COVID-19_Visulize\kafka\libs\jackson-annotations-2.10.2.jar;D:\Projects\COVID-19_Visulize\kafka\libs\jackson-core-2.10.2.jar;D:\Projects\COVID-19_Visulize\kafka\libs\jackson-databind-2.10.2.jar;D:\Projects\COVID-19_Visulize\kafka\libs\jackson-dataformat-csv-2.10.2.jar;D:\Projects\COVID-19_Visulize\kafka\libs\jackson-datatype-jdk8-2.10.2.jar;D:\Projects\COVID-19_Visulize\kafka\libs\jackson-jaxrs-base-2.10.2.jar;D:\Projects\COVID-19_Visulize\kafka\libs\jackson-jaxrs-json-provider-2.10.2.jar;D:\Projects\COVID-19_Visulize\kafka\libs\jackson-module-jaxb-annotations-2.10.2.jar;D:\Projects\COVID-19_Visulize\kafka\libs\jackson-module-paranamer-2.10.2.jar;D:\Projects\COVID-19_Visulize\kafka\libs\jackson-module-scala_2.12-2.10.2.jar;D:\Projects\COVID-19_Visulize\kafka\libs\jakarta.activation-api-1.2.1.jar;D:\Projects\COVID-19_Visulize\kafka\libs\jakarta.annotation-api-1.3.4.jar;D:\Projects\COVID-19_Visulize\kafka\libs\jakarta.inject-2.5.0.jar;D:\Projects\COVID-19_Visulize\kafka\libs\jakarta.ws.rs-api-2.1.5.jar;D:\Projects\COVID-19_Visulize\kafka\libs\jakarta.xml.bind-api-2.3.2.jar;D:\Projects\COVID-19_Visulize\kafka\libs\javassist-3.22.0-CR2.jar;D:\Projects\COVID-19_Visulize\kafka\libs\javassist-3.26.0-GA.jar;D:\Projects\COVID-19_Visulize\kafka\libs\javax.servlet-api-3.1.0.jar;D:\Projects\COVID-19_Visulize\kafka\libs\javax.ws.rs-api-2.1.1.jar;D:\Projects\COVID-19_Visulize\kafka\libs\jaxb-api-2.3.0.jar;D:\Projects\COVID-19_Visulize\kafka\libs\jersey-client-2.28.jar;D:\Projects\COVID-19_Visulize\kafka\libs\jersey-common-2.28.jar;D:\Projects\COVID-19_Visulize\kafka\libs\jersey-container-servlet-2.28.jar;D:\Projects\COVID-19_Visulize\kafka\libs\jersey-container-servlet-core-2.28.jar;D:\Projects\COVID-19_Visulize\kafka\libs\jersey-hk2-2.28.jar;D:\Projects\COVID-19_Visulize\kafka\libs\jersey-media-jaxb-2.28.jar;D:\Projects\COVID-19_Visulize\kafka\libs\jersey-server-2.28.jar;D:\Projects\COVID-19_Visulize\kafka\libs\jetty-client-9.4.24.v20191120.jar;D:\Projects\COVID-19_Visulize\kafka\libs\jetty-continuation-9.4.24.v20191120.jar;D:\Projects\COVID-19_Visulize\kafka\libs\jetty-http-9.4.24.v20191120.jar;D:\Projects\COVID-19_Visulize\kafka\libs\jetty-io-9.4.24.v20191120.jar;D:\Projects\COVID-19_Visulize\kafka\libs\jetty-security-9.4.24.v20191120.jar;D:\Projects\COVID-19_Visulize\kafka\libs\jetty-server-9.4.24.v20191120.jar;D:\Projects\COVID-19_Visulize\kafka\libs\jetty-servlet-9.4.24.v20191120.jar;D:\Projects\COVID-19_Visulize\kafka\libs\jetty-servlets-9.4.24.v20191120.jar;D:\Projects\COVID-19_Visulize\kafka\libs\jetty-util-9.4.24.v20191120.jar;D:\Projects\COVID-19_Visulize\kafka\libs\jopt-simple-5.0.4.jar;D:\Projects\COVID-19_Visulize\kafka\libs\kafka-clients-2.5.0.jar;D:\Projects\COVID-19_Visulize\kafka\libs\kafka-log4j-appender-2.5.0.jar;D:\Projects\COVID-19_Visulize\kafka\libs\kafka-streams-2.5.0.jar;D:\Projects\COVID-19_Visulize\kafka\libs\kafka-streams-examples-2.5.0.jar;D:\Projects\COVID-19_Visulize\kafka\libs\kafka-streams-scala_2.12-2.5.0.jar;D:\Projects\COVID-19_Visulize\kafka\libs\kafka-streams-test-utils-2.5.0.jar;D:\Projects\COVID-19_Visulize\kafka\libs\kafka-tools-2.5.0.jar;D:\Projects\COVID-19_Visulize\kafka\libs\kafka_2.12-2.5.0-javadoc.jar;D:\Projects\COVID-19_Visulize\kafka\libs\kafka_2.12-2.5.0-javadoc.jar.asc;D:\Projects\COVID-19_Visulize\kafka\libs\kafka_2.12-2.5.0-scaladoc.jar;D:\Projects\COVID-19_Visulize\kafka\libs\kafka_2.12-2.5.0-scaladoc.jar.asc;D:\Projects\COVID-19_Visulize\kafka\libs\kafka_2.12-2.5.0-sources.jar;D:\Projects\COVID-19_Visulize\kafka\libs\kafka_2.12-2.5.0-sources.jar.asc;D:\Projects\COVID-19_Visulize\kafka\libs\kafka_2.12-2.5.0-test-sources.jar;D:\Projects\COVID-19_Visulize\kafka\libs\kafka_2.12-2.5.0-test-sources.jar.asc;D:\Projects\COVID-19_Visulize\kafka\libs\kafka_2.12-2.5.0-test.jar;D:\Projects\COVID-19_Visulize\kafka\libs\kafka_2.12-2.5.0-test.jar.asc;D:\Projects\COVID-19_Visulize\kafka\libs\kafka_2.12-2.5.0.jar;D:\Projects\COVID-19_Visulize\kafka\libs\kafka_2.12-2.5.0.jar.asc;D:\Projects\COVID-19_Visulize\kafka\libs\log4j-1.2.17.jar;D:\Projects\COVID-19_Visulize\kafka\libs\lz4-java-1.7.1.jar;D:\Projects\COVID-19_Visulize\kafka\libs\maven-artifact-3.6.3.jar;D:\Projects\COVID-19_Visulize\kafka\libs\metrics-core-2.2.0.jar;D:\Projects\COVID-19_Visulize\kafka\libs\netty-buffer-4.1.45.Final.jar;D:\Projects\COVID-19_Visulize\kafka\libs\netty-codec-4.1.45.Final.jar;D:\Projects\COVID-19_Visulize\kafka\libs\netty-common-4.1.45.Final.jar;D:\Projects\COVID-19_Visulize\kafka\libs\netty-handler-4.1.45.Final.jar;D:\Projects\COVID-19_Visulize\kafka\libs\netty-resolver-4.1.45.Final.jar;D:\Projects\COVID-19_Visulize\kafka\libs\netty-transport-4.1.45.Final.jar;D:\Projects\COVID-19_Visulize\kafka\libs\netty-transport-native-epoll-4.1.45.Final.jar;D:\Projects\COVID-19_Visulize\kafka\libs\netty-transport-native-unix-common-4.1.45.Final.jar;D:\Projects\COVID-19_Visulize\kafka\libs\osgi-resource-locator-1.0.1.jar;D:\Projects\COVID-19_Visulize\kafka\libs\paranamer-2.8.jar;D:\Projects\COVID-19_Visulize\kafka\libs\plexus-utils-3.2.1.jar;D:\Projects\COVID-19_Visulize\kafka\libs\reflections-0.9.12.jar;D:\Projects\COVID-19_Visulize\kafka\libs\rocksdbjni-5.18.3.jar;D:\Projects\COVID-19_Visulize\kafka\libs\scala-collection-compat_2.12-2.1.3.jar;D:\Projects\COVID-19_Visulize\kafka\libs\scala-java8-compat_2.12-0.9.0.jar;D:\Projects\COVID-19_Visulize\kafka\libs\scala-library-2.12.10.jar;D:\Projects\COVID-19_Visulize\kafka\libs\scala-logging_2.12-3.9.2.jar;D:\Projects\COVID-19_Visulize\kafka\libs\scala-reflect-2.12.10.jar;D:\Projects\COVID-19_Visulize\kafka\libs\slf4j-api-1.7.30.jar;D:\Projects\COVID-19_Visulize\kafka\libs\slf4j-log4j12-1.7.30.jar;D:\Projects\COVID-19_Visulize\kafka\libs\snappy-java-1.1.7.3.jar;D:\Projects\COVID-19_Visulize\kafka\libs\validation-api-2.0.1.Final.jar;D:\Projects\COVID-19_Visulize\kafka\libs\zookeeper-3.5.7.jar;D:\Projects\COVID-19_Visulize\kafka\libs\zookeeper-jute-3.5.7.jar;D:\Projects\COVID-19_Visulize\kafka\libs\zstd-jni-1.4.4-7.jar (org.apache.zookeeper.server.ZooKeeperServer)
[2020-04-26 02:02:35,092] INFO Server environment:java.library.path=C:\Program Files (x86)\Common Files\Oracle\Java\javapath;C:\Windows\Sun\Java\bin;C:\Windows\system32;C:\Windows;C:\Program Files (x86)\Common Files\Oracle\Java\javapath;C:\Program Files (x86)\NVIDIA Corporation\PhysX\Common;C:\Windows\system32;C:\Windows;C:\Windows\System32\Wbem;C:\Windows\System32\WindowsPowerShell\v1.0\;C:\Windows\System32\OpenSSH\;C:\Program Files\Git\cmd;C:\Python38\Scripts\;C:\Program Files\Microsoft SQL Server\Client SDK\ODBC\170\Tools\Binn\;C:\Program Files (x86)\Microsoft SQL Server\150\Tools\Binn\;C:\Program Files\Microsoft SQL Server\150\Tools\Binn\;C:\Program Files\Microsoft SQL Server\150\DTS\Binn\;C:\Program Files\Microsoft SQL Server\130\Tools\Binn\;C:\Users\iahme\Downloads\platform-tools_r29.0.5-windows\platform-tools;C:\Program Files\nodejs\;C:\ProgramData\chocolatey\bin;C:\Program Files\dotnet\;C:\Users\iahme\AppData\Local\Programs\Python\Python37\Scripts\;C:\Users\iahme\AppData\Local\Programs\Python\Python37\;C:\Users\iahme\AppData\Local\Programs\Python\Python38-32\Scripts\;C:\Users\iahme\AppData\Local\Programs\Python\Python38-32\;C:\Users\iahme\AppData\Local\Microsoft\WindowsApps;C:\Users\iahme\AppData\Local\atom\bin;C:\Program Files\JetBrains\PyCharm 2019.3.1\bin;C:\Program Files\JetBrains\PyCharm Community Edition 2019.3.1\bin;C:\Users\iahme\AppData\Roaming\npm;C:\Program Files\JetBrains\PyCharm Community Edition 2020.1\bin;;C:\Users\iahme\AppData\Local\Programs\Microsoft VS Code\bin;C:\MinGW\bin;D:\Projects\COVID-19_Visulize\kafka\bin\windows;;. (org.apache.zookeeper.server.ZooKeeperServer)
[2020-04-26 02:02:35,093] INFO Server environment:java.io.tmpdir=C:\Users\iahme\AppData\Local\Temp\ (org.apache.zookeeper.server.ZooKeeperServer)
[2020-04-26 02:02:35,093] INFO Server environment:java.compiler=<NA> (org.apache.zookeeper.server.ZooKeeperServer)
[2020-04-26 02:02:35,093] INFO Server environment:os.name=Windows 10 (org.apache.zookeeper.server.ZooKeeperServer)
[2020-04-26 02:02:35,094] INFO Server environment:os.arch=amd64 (org.apache.zookeeper.server.ZooKeeperServer)
[2020-04-26 02:02:35,094] INFO Server environment:os.version=10.0 (org.apache.zookeeper.server.ZooKeeperServer)
[2020-04-26 02:02:35,094] INFO Server environment:user.name=iahme (org.apache.zookeeper.server.ZooKeeperServer)
[2020-04-26 02:02:35,095] INFO Server environment:user.home=C:\Users\iahme (org.apache.zookeeper.server.ZooKeeperServer)
[2020-04-26 02:02:35,095] INFO Server environment:user.dir=D:\Projects\COVID-19_Visulize\kafka\bin\windows (org.apache.zookeeper.server.ZooKeeperServer)
[2020-04-26 02:02:35,096] INFO Server environment:os.memory.free=495MB (org.apache.zookeeper.server.ZooKeeperServer)
[2020-04-26 02:02:35,096] INFO Server environment:os.memory.max=512MB (org.apache.zookeeper.server.ZooKeeperServer)
[2020-04-26 02:02:35,097] INFO Server environment:os.memory.total=512MB (org.apache.zookeeper.server.ZooKeeperServer)
[2020-04-26 02:02:35,099] INFO minSessionTimeout set to 6000 (org.apache.zookeeper.server.ZooKeeperServer)
[2020-04-26 02:02:35,100] INFO maxSessionTimeout set to 60000 (org.apache.zookeeper.server.ZooKeeperServer)
[2020-04-26 02:02:35,101] INFO Created server with tickTime 3000 minSessionTimeout 6000 maxSessionTimeout 60000 datadir D:\Projects\COVID-19_Visulize\kafka\data\zookeeper\version-2 snapdir D:\Projects\COVID-19_Visulize\kafka\data\zookeeper\version-2 (org.apache.zookeeper.server.ZooKeeperServer)
[2020-04-26 02:02:35,116] INFO Using org.apache.zookeeper.server.NIOServerCnxnFactory as server connection factory (org.apache.zookeeper.server.ServerCnxnFactory)
[2020-04-26 02:02:35,119] INFO Configuring NIO connection handler with 10s sessionless connection timeout, 2 selector thread(s), 32 worker threads, and 64 kB direct buffers. (org.apache.zookeeper.server.NIOServerCnxnFactory)
[2020-04-26 02:02:35,129] INFO binding to port 0.0.0.0/0.0.0.0:2181 (org.apache.zookeeper.server.NIOServerCnxnFactory)
[2020-04-26 02:02:35,156] INFO zookeeper.snapshotSizeFactor = 0.33 (org.apache.zookeeper.server.ZKDatabase)
[2020-04-26 02:02:35,160] INFO Snapshotting: 0x0 to D:\Projects\COVID-19_Visulize\kafka\data\zookeeper\version-2\snapshot.0 (org.apache.zookeeper.server.persistence.FileTxnSnapLog)
[2020-04-26 02:02:35,164] INFO Snapshotting: 0x0 to D:\Projects\COVID-19_Visulize\kafka\data\zookeeper\version-2\snapshot.0 (org.apache.zookeeper.server.persistence.FileTxnSnapLog)
[2020-04-26 02:02:35,179] INFO Using checkIntervalMs=60000 maxPerMinute=10000 (org.apache.zookeeper.server.ContainerManager)
[2020-04-26 02:08:08,982] INFO Creating new log file: log.1 (org.apache.zookeeper.server.persistence.FileTxnLog)
[2020-04-26 02:09:47,744] INFO Registered kafka:type=kafka.Log4jController MBean (kafka.utils.Log4jControllerRegistration$)
[2020-04-26 02:09:48,240] INFO Setting -D jdk.tls.rejectClientInitiatedRenegotiation=true to disable client-initiated TLS renegotiation (org.apache.zookeeper.common.X509Util)
[2020-04-26 02:09:48,300] INFO starting (kafka.server.KafkaServer)
[2020-04-26 02:09:48,302] INFO Connecting to zookeeper on localhost:2181 (kafka.server.KafkaServer)
[2020-04-26 02:09:48,322] INFO [ZooKeeperClient Kafka server] Initializing a new session to localhost:2181. (kafka.zookeeper.ZooKeeperClient)
[2020-04-26 02:09:48,333] INFO Client environment:zookeeper.version=3.5.7-f0fdd52973d373ffd9c86b81d99842dc2c7f660e, built on 02/10/2020 11:30 GMT (org.apache.zookeeper.ZooKeeper)
[2020-04-26 02:09:48,333] INFO Client environment:host.name=DESKTOP-32US03S (org.apache.zookeeper.ZooKeeper)
[2020-04-26 02:09:48,333] INFO Client environment:java.version=1.8.0_241 (org.apache.zookeeper.ZooKeeper)
[2020-04-26 02:09:48,334] INFO Client environment:java.vendor=Oracle Corporation (org.apache.zookeeper.ZooKeeper)
[2020-04-26 02:09:48,334] INFO Client environment:java.home=C:\Program Files\Java\jre1.8.0_241 (org.apache.zookeeper.ZooKeeper)
[2020-04-26 02:09:48,335] INFO Client environment:java.class.path=D:\Projects\COVID-19_Visulize\kafka\libs\activation-1.1.1.jar;D:\Projects\COVID-19_Visulize\kafka\libs\aopalliance-repackaged-2.5.0.jar;D:\Projects\COVID-19_Visulize\kafka\libs\argparse4j-0.7.0.jar;D:\Projects\COVID-19_Visulize\kafka\libs\audience-annotations-0.5.0.jar;D:\Projects\COVID-19_Visulize\kafka\libs\commons-cli-1.4.jar;D:\Projects\COVID-19_Visulize\kafka\libs\commons-lang3-3.8.1.jar;D:\Projects\COVID-19_Visulize\kafka\libs\connect-api-2.5.0.jar;D:\Projects\COVID-19_Visulize\kafka\libs\connect-basic-auth-extension-2.5.0.jar;D:\Projects\COVID-19_Visulize\kafka\libs\connect-file-2.5.0.jar;D:\Projects\COVID-19_Visulize\kafka\libs\connect-json-2.5.0.jar;D:\Projects\COVID-19_Visulize\kafka\libs\connect-mirror-2.5.0.jar;D:\Projects\COVID-19_Visulize\kafka\libs\connect-mirror-client-2.5.0.jar;D:\Projects\COVID-19_Visulize\kafka\libs\connect-runtime-2.5.0.jar;D:\Projects\COVID-19_Visulize\kafka\libs\connect-transforms-2.5.0.jar;D:\Projects\COVID-19_Visulize\kafka\libs\hk2-api-2.5.0.jar;D:\Projects\COVID-19_Visulize\kafka\libs\hk2-locator-2.5.0.jar;D:\Projects\COVID-19_Visulize\kafka\libs\hk2-utils-2.5.0.jar;D:\Projects\COVID-19_Visulize\kafka\libs\jackson-annotations-2.10.2.jar;D:\Projects\COVID-19_Visulize\kafka\libs\jackson-core-2.10.2.jar;D:\Projects\COVID-19_Visulize\kafka\libs\jackson-databind-2.10.2.jar;D:\Projects\COVID-19_Visulize\kafka\libs\jackson-dataformat-csv-2.10.2.jar;D:\Projects\COVID-19_Visulize\kafka\libs\jackson-datatype-jdk8-2.10.2.jar;D:\Projects\COVID-19_Visulize\kafka\libs\jackson-jaxrs-base-2.10.2.jar;D:\Projects\COVID-19_Visulize\kafka\libs\jackson-jaxrs-json-provider-2.10.2.jar;D:\Projects\COVID-19_Visulize\kafka\libs\jackson-module-jaxb-annotations-2.10.2.jar;D:\Projects\COVID-19_Visulize\kafka\libs\jackson-module-paranamer-2.10.2.jar;D:\Projects\COVID-19_Visulize\kafka\libs\jackson-module-scala_2.12-2.10.2.jar;D:\Projects\COVID-19_Visulize\kafka\libs\jakarta.activation-api-1.2.1.jar;D:\Projects\COVID-19_Visulize\kafka\libs\jakarta.annotation-api-1.3.4.jar;D:\Projects\COVID-19_Visulize\kafka\libs\jakarta.inject-2.5.0.jar;D:\Projects\COVID-19_Visulize\kafka\libs\jakarta.ws.rs-api-2.1.5.jar;D:\Projects\COVID-19_Visulize\kafka\libs\jakarta.xml.bind-api-2.3.2.jar;D:\Projects\COVID-19_Visulize\kafka\libs\javassist-3.22.0-CR2.jar;D:\Projects\COVID-19_Visulize\kafka\libs\javassist-3.26.0-GA.jar;D:\Projects\COVID-19_Visulize\kafka\libs\javax.servlet-api-3.1.0.jar;D:\Projects\COVID-19_Visulize\kafka\libs\javax.ws.rs-api-2.1.1.jar;D:\Projects\COVID-19_Visulize\kafka\libs\jaxb-api-2.3.0.jar;D:\Projects\COVID-19_Visulize\kafka\libs\jersey-client-2.28.jar;D:\Projects\COVID-19_Visulize\kafka\libs\jersey-common-2.28.jar;D:\Projects\COVID-19_Visulize\kafka\libs\jersey-container-servlet-2.28.jar;D:\Projects\COVID-19_Visulize\kafka\libs\jersey-container-servlet-core-2.28.jar;D:\Projects\COVID-19_Visulize\kafka\libs\jersey-hk2-2.28.jar;D:\Projects\COVID-19_Visulize\kafka\libs\jersey-media-jaxb-2.28.jar;D:\Projects\COVID-19_Visulize\kafka\libs\jersey-server-2.28.jar;D:\Projects\COVID-19_Visulize\kafka\libs\jetty-client-9.4.24.v20191120.jar;D:\Projects\COVID-19_Visulize\kafka\libs\jetty-continuation-9.4.24.v20191120.jar;D:\Projects\COVID-19_Visulize\kafka\libs\jetty-http-9.4.24.v20191120.jar;D:\Projects\COVID-19_Visulize\kafka\libs\jetty-io-9.4.24.v20191120.jar;D:\Projects\COVID-19_Visulize\kafka\libs\jetty-security-9.4.24.v20191120.jar;D:\Projects\COVID-19_Visulize\kafka\libs\jetty-server-9.4.24.v20191120.jar;D:\Projects\COVID-19_Visulize\kafka\libs\jetty-servlet-9.4.24.v20191120.jar;D:\Projects\COVID-19_Visulize\kafka\libs\jetty-servlets-9.4.24.v20191120.jar;D:\Projects\COVID-19_Visulize\kafka\libs\jetty-util-9.4.24.v20191120.jar;D:\Projects\COVID-19_Visulize\kafka\libs\jopt-simple-5.0.4.jar;D:\Projects\COVID-19_Visulize\kafka\libs\kafka-clients-2.5.0.jar;D:\Projects\COVID-19_Visulize\kafka\libs\kafka-log4j-appender-2.5.0.jar;D:\Projects\COVID-19_Visulize\kafka\libs\kafka-streams-2.5.0.jar;D:\Projects\COVID-19_Visulize\kafka\libs\kafka-streams-examples-2.5.0.jar;D:\Projects\COVID-19_Visulize\kafka\libs\kafka-streams-scala_2.12-2.5.0.jar;D:\Projects\COVID-19_Visulize\kafka\libs\kafka-streams-test-utils-2.5.0.jar;D:\Projects\COVID-19_Visulize\kafka\libs\kafka-tools-2.5.0.jar;D:\Projects\COVID-19_Visulize\kafka\libs\kafka_2.12-2.5.0-javadoc.jar;D:\Projects\COVID-19_Visulize\kafka\libs\kafka_2.12-2.5.0-javadoc.jar.asc;D:\Projects\COVID-19_Visulize\kafka\libs\kafka_2.12-2.5.0-scaladoc.jar;D:\Projects\COVID-19_Visulize\kafka\libs\kafka_2.12-2.5.0-scaladoc.jar.asc;D:\Projects\COVID-19_Visulize\kafka\libs\kafka_2.12-2.5.0-sources.jar;D:\Projects\COVID-19_Visulize\kafka\libs\kafka_2.12-2.5.0-sources.jar.asc;D:\Projects\COVID-19_Visulize\kafka\libs\kafka_2.12-2.5.0-test-sources.jar;D:\Projects\COVID-19_Visulize\kafka\libs\kafka_2.12-2.5.0-test-sources.jar.asc;D:\Projects\COVID-19_Visulize\kafka\libs\kafka_2.12-2.5.0-test.jar;D:\Projects\COVID-19_Visulize\kafka\libs\kafka_2.12-2.5.0-test.jar.asc;D:\Projects\COVID-19_Visulize\kafka\libs\kafka_2.12-2.5.0.jar;D:\Projects\COVID-19_Visulize\kafka\libs\kafka_2.12-2.5.0.jar.asc;D:\Projects\COVID-19_Visulize\kafka\libs\log4j-1.2.17.jar;D:\Projects\COVID-19_Visulize\kafka\libs\lz4-java-1.7.1.jar;D:\Projects\COVID-19_Visulize\kafka\libs\maven-artifact-3.6.3.jar;D:\Projects\COVID-19_Visulize\kafka\libs\metrics-core-2.2.0.jar;D:\Projects\COVID-19_Visulize\kafka\libs\netty-buffer-4.1.45.Final.jar;D:\Projects\COVID-19_Visulize\kafka\libs\netty-codec-4.1.45.Final.jar;D:\Projects\COVID-19_Visulize\kafka\libs\netty-common-4.1.45.Final.jar;D:\Projects\COVID-19_Visulize\kafka\libs\netty-handler-4.1.45.Final.jar;D:\Projects\COVID-19_Visulize\kafka\libs\netty-resolver-4.1.45.Final.jar;D:\Projects\COVID-19_Visulize\kafka\libs\netty-transport-4.1.45.Final.jar;D:\Projects\COVID-19_Visulize\kafka\libs\netty-transport-native-epoll-4.1.45.Final.jar;D:\Projects\COVID-19_Visulize\kafka\libs\netty-transport-native-unix-common-4.1.45.Final.jar;D:\Projects\COVID-19_Visulize\kafka\libs\osgi-resource-locator-1.0.1.jar;D:\Projects\COVID-19_Visulize\kafka\libs\paranamer-2.8.jar;D:\Projects\COVID-19_Visulize\kafka\libs\plexus-utils-3.2.1.jar;D:\Projects\COVID-19_Visulize\kafka\libs\reflections-0.9.12.jar;D:\Projects\COVID-19_Visulize\kafka\libs\rocksdbjni-5.18.3.jar;D:\Projects\COVID-19_Visulize\kafka\libs\scala-collection-compat_2.12-2.1.3.jar;D:\Projects\COVID-19_Visulize\kafka\libs\scala-java8-compat_2.12-0.9.0.jar;D:\Projects\COVID-19_Visulize\kafka\libs\scala-library-2.12.10.jar;D:\Projects\COVID-19_Visulize\kafka\libs\scala-logging_2.12-3.9.2.jar;D:\Projects\COVID-19_Visulize\kafka\libs\scala-reflect-2.12.10.jar;D:\Projects\COVID-19_Visulize\kafka\libs\slf4j-api-1.7.30.jar;D:\Projects\COVID-19_Visulize\kafka\libs\slf4j-log4j12-1.7.30.jar;D:\Projects\COVID-19_Visulize\kafka\libs\snappy-java-1.1.7.3.jar;D:\Projects\COVID-19_Visulize\kafka\libs\validation-api-2.0.1.Final.jar;D:\Projects\COVID-19_Visulize\kafka\libs\zookeeper-3.5.7.jar;D:\Projects\COVID-19_Visulize\kafka\libs\zookeeper-jute-3.5.7.jar;D:\Projects\COVID-19_Visulize\kafka\libs\zstd-jni-1.4.4-7.jar (org.apache.zookeeper.ZooKeeper)
[2020-04-26 02:09:48,336] INFO Client environment:java.library.path=C:\Program Files (x86)\Common Files\Oracle\Java\javapath;C:\Windows\Sun\Java\bin;C:\Windows\system32;C:\Windows;C:\Program Files (x86)\Common Files\Oracle\Java\javapath;C:\Program Files (x86)\NVIDIA Corporation\PhysX\Common;C:\Windows\system32;C:\Windows;C:\Windows\System32\Wbem;C:\Windows\System32\WindowsPowerShell\v1.0\;C:\Windows\System32\OpenSSH\;C:\Program Files\Git\cmd;C:\Python38\Scripts\;C:\Program Files\Microsoft SQL Server\Client SDK\ODBC\170\Tools\Binn\;C:\Program Files (x86)\Microsoft SQL Server\150\Tools\Binn\;C:\Program Files\Microsoft SQL Server\150\Tools\Binn\;C:\Program Files\Microsoft SQL Server\150\DTS\Binn\;C:\Program Files\Microsoft SQL Server\130\Tools\Binn\;C:\Users\iahme\Downloads\platform-tools_r29.0.5-windows\platform-tools;C:\Program Files\nodejs\;C:\ProgramData\chocolatey\bin;C:\Program Files\dotnet\;C:\Users\iahme\AppData\Local\Programs\Python\Python37\Scripts\;C:\Users\iahme\AppData\Local\Programs\Python\Python37\;C:\Users\iahme\AppData\Local\Programs\Python\Python38-32\Scripts\;C:\Users\iahme\AppData\Local\Programs\Python\Python38-32\;C:\Users\iahme\AppData\Local\Microsoft\WindowsApps;C:\Users\iahme\AppData\Local\atom\bin;C:\Program Files\JetBrains\PyCharm 2019.3.1\bin;C:\Program Files\JetBrains\PyCharm Community Edition 2019.3.1\bin;C:\Users\iahme\AppData\Roaming\npm;C:\Program Files\JetBrains\PyCharm Community Edition 2020.1\bin;;C:\Users\iahme\AppData\Local\Programs\Microsoft VS Code\bin;C:\MinGW\bin;D:\Projects\COVID-19_Visulize\kafka\bin\windows;;. (org.apache.zookeeper.ZooKeeper)
[2020-04-26 02:09:48,337] INFO Client environment:java.io.tmpdir=C:\Users\iahme\AppData\Local\Temp\ (org.apache.zookeeper.ZooKeeper)
[2020-04-26 02:09:48,337] INFO Client environment:java.compiler=<NA> (org.apache.zookeeper.ZooKeeper)
[2020-04-26 02:09:48,338] INFO Client environment:os.name=Windows 10 (org.apache.zookeeper.ZooKeeper)
[2020-04-26 02:09:48,338] INFO Client environment:os.arch=amd64 (org.apache.zookeeper.ZooKeeper)
[2020-04-26 02:09:48,338] INFO Client environment:os.version=10.0 (org.apache.zookeeper.ZooKeeper)
[2020-04-26 02:09:48,339] INFO Client environment:user.name=iahme (org.apache.zookeeper.ZooKeeper)
[2020-04-26 02:09:48,339] INFO Client environment:user.home=C:\Users\iahme (org.apache.zookeeper.ZooKeeper)
[2020-04-26 02:09:48,340] INFO Client environment:user.dir=D:\Projects\COVID-19_Visulize\kafka\bin\windows (org.apache.zookeeper.ZooKeeper)
[2020-04-26 02:09:48,340] INFO Client environment:os.memory.free=974MB (org.apache.zookeeper.ZooKeeper)
[2020-04-26 02:09:48,340] INFO Client environment:os.memory.max=1024MB (org.apache.zookeeper.ZooKeeper)
[2020-04-26 02:09:48,341] INFO Client environment:os.memory.total=1024MB (org.apache.zookeeper.ZooKeeper)
[2020-04-26 02:09:48,345] INFO Initiating client connection, connectString=localhost:2181 sessionTimeout=18000 watcher=kafka.zookeeper.ZooKeeperClient$ZooKeeperClientWatcher$@7ed7259e (org.apache.zookeeper.ZooKeeper)
[2020-04-26 02:09:48,354] INFO jute.maxbuffer value is 4194304 Bytes (org.apache.zookeeper.ClientCnxnSocket)
[2020-04-26 02:09:48,368] INFO zookeeper.request.timeout value is 0. feature enabled= (org.apache.zookeeper.ClientCnxn)
[2020-04-26 02:09:48,371] INFO [ZooKeeperClient Kafka server] Waiting until connected. (kafka.zookeeper.ZooKeeperClient)
[2020-04-26 02:09:48,373] INFO Opening socket connection to server localhost/127.0.0.1:2181. Will not attempt to authenticate using SASL (unknown error) (org.apache.zookeeper.ClientCnxn)
[2020-04-26 02:09:48,375] INFO Socket connection established, initiating session, client: /127.0.0.1:50348, server: localhost/127.0.0.1:2181 (org.apache.zookeeper.ClientCnxn)
[2020-04-26 02:09:48,428] INFO Session establishment complete on server localhost/127.0.0.1:2181, sessionid = 0x100000f6daa0001, negotiated timeout = 18000 (org.apache.zookeeper.ClientCnxn)
[2020-04-26 02:09:48,432] INFO [ZooKeeperClient Kafka server] Connected. (kafka.zookeeper.ZooKeeperClient)
[2020-04-26 02:09:50,077] INFO Cluster ID = kBomWJgRQ7K0W8OQKAdYrg (kafka.server.KafkaServer)
[2020-04-26 02:09:50,082] WARN No meta.properties file under dir D:\Projects\COVID-19_Visulize\kafka\data\kafka\meta.properties (kafka.server.BrokerMetadataCheckpoint)
[2020-04-26 02:09:50,132] INFO KafkaConfig values: 
	advertised.host.name = null
	advertised.listeners = null
	advertised.port = null
	alter.config.policy.class.name = null
	alter.log.dirs.replication.quota.window.num = 11
	alter.log.dirs.replication.quota.window.size.seconds = 1
	authorizer.class.name = 
	auto.create.topics.enable = true
	auto.leader.rebalance.enable = true
	background.threads = 10
	broker.id = 0
	broker.id.generation.enable = true
	broker.rack = null
	client.quota.callback.class = null
	compression.type = producer
	connection.failed.authentication.delay.ms = 100
	connections.max.idle.ms = 600000
	connections.max.reauth.ms = 0
	control.plane.listener.name = null
	controlled.shutdown.enable = true
	controlled.shutdown.max.retries = 3
	controlled.shutdown.retry.backoff.ms = 5000
	controller.socket.timeout.ms = 30000
	create.topic.policy.class.name = null
	default.replication.factor = 1
	delegation.token.expiry.check.interval.ms = 3600000
	delegation.token.expiry.time.ms = 86400000
	delegation.token.master.key = null
	delegation.token.max.lifetime.ms = 604800000
	delete.records.purgatory.purge.interval.requests = 1
	delete.topic.enable = true
	fetch.max.bytes = 57671680
	fetch.purgatory.purge.interval.requests = 1000
	group.initial.rebalance.delay.ms = 0
	group.max.session.timeout.ms = 1800000
	group.max.size = 2147483647
	group.min.session.timeout.ms = 6000
	host.name = 
	inter.broker.listener.name = null
	inter.broker.protocol.version = 2.5-IV0
	kafka.metrics.polling.interval.secs = 10
	kafka.metrics.reporters = []
	leader.imbalance.check.interval.seconds = 300
	leader.imbalance.per.broker.percentage = 10
	listener.security.protocol.map = PLAINTEXT:PLAINTEXT,SSL:SSL,SASL_PLAINTEXT:SASL_PLAINTEXT,SASL_SSL:SASL_SSL
	listeners = null
	log.cleaner.backoff.ms = 15000
	log.cleaner.dedupe.buffer.size = 134217728
	log.cleaner.delete.retention.ms = 86400000
	log.cleaner.enable = true
	log.cleaner.io.buffer.load.factor = 0.9
	log.cleaner.io.buffer.size = 524288
	log.cleaner.io.max.bytes.per.second = 1.7976931348623157E308
	log.cleaner.max.compaction.lag.ms = 9223372036854775807
	log.cleaner.min.cleanable.ratio = 0.5
	log.cleaner.min.compaction.lag.ms = 0
	log.cleaner.threads = 1
	log.cleanup.policy = [delete]
	log.dir = /tmp/kafka-logs
	log.dirs = D:/Projects/COVID-19_Visulize/kafka/data/kafka
	log.flush.interval.messages = 9223372036854775807
	log.flush.interval.ms = null
	log.flush.offset.checkpoint.interval.ms = 60000
	log.flush.scheduler.interval.ms = 9223372036854775807
	log.flush.start.offset.checkpoint.interval.ms = 60000
	log.index.interval.bytes = 4096
	log.index.size.max.bytes = 10485760
	log.message.downconversion.enable = true
	log.message.format.version = 2.5-IV0
	log.message.timestamp.difference.max.ms = 9223372036854775807
	log.message.timestamp.type = CreateTime
	log.preallocate = false
	log.retention.bytes = -1
	log.retention.check.interval.ms = 300000
	log.retention.hours = 168
	log.retention.minutes = null
	log.retention.ms = null
	log.roll.hours = 168
	log.roll.jitter.hours = 0
	log.roll.jitter.ms = null
	log.roll.ms = null
	log.segment.bytes = 1073741824
	log.segment.delete.delay.ms = 60000
	max.connections = 2147483647
	max.connections.per.ip = 2147483647
	max.connections.per.ip.overrides = 
	max.incremental.fetch.session.cache.slots = 1000
	message.max.bytes = 1048588
	metric.reporters = []
	metrics.num.samples = 2
	metrics.recording.level = INFO
	metrics.sample.window.ms = 30000
	min.insync.replicas = 1
	num.io.threads = 8
	num.network.threads = 3
	num.partitions = 1
	num.recovery.threads.per.data.dir = 1
	num.replica.alter.log.dirs.threads = null
	num.replica.fetchers = 1
	offset.metadata.max.bytes = 4096
	offsets.commit.required.acks = -1
	offsets.commit.timeout.ms = 5000
	offsets.load.buffer.size = 5242880
	offsets.retention.check.interval.ms = 600000
	offsets.retention.minutes = 10080
	offsets.topic.compression.codec = 0
	offsets.topic.num.partitions = 50
	offsets.topic.replication.factor = 1
	offsets.topic.segment.bytes = 104857600
	password.encoder.cipher.algorithm = AES/CBC/PKCS5Padding
	password.encoder.iterations = 4096
	password.encoder.key.length = 128
	password.encoder.keyfactory.algorithm = null
	password.encoder.old.secret = null
	password.encoder.secret = null
	port = 9092
	principal.builder.class = null
	producer.purgatory.purge.interval.requests = 1000
	queued.max.request.bytes = -1
	queued.max.requests = 500
	quota.consumer.default = 9223372036854775807
	quota.producer.default = 9223372036854775807
	quota.window.num = 11
	quota.window.size.seconds = 1
	replica.fetch.backoff.ms = 1000
	replica.fetch.max.bytes = 1048576
	replica.fetch.min.bytes = 1
	replica.fetch.response.max.bytes = 10485760
	replica.fetch.wait.max.ms = 500
	replica.high.watermark.checkpoint.interval.ms = 5000
	replica.lag.time.max.ms = 30000
	replica.selector.class = null
	replica.socket.receive.buffer.bytes = 65536
	replica.socket.timeout.ms = 30000
	replication.quota.window.num = 11
	replication.quota.window.size.seconds = 1
	request.timeout.ms = 30000
	reserved.broker.max.id = 1000
	sasl.client.callback.handler.class = null
	sasl.enabled.mechanisms = [GSSAPI]
	sasl.jaas.config = null
	sasl.kerberos.kinit.cmd = /usr/bin/kinit
	sasl.kerberos.min.time.before.relogin = 60000
	sasl.kerberos.principal.to.local.rules = [DEFAULT]
	sasl.kerberos.service.name = null
	sasl.kerberos.ticket.renew.jitter = 0.05
	sasl.kerberos.ticket.renew.window.factor = 0.8
	sasl.login.callback.handler.class = null
	sasl.login.class = null
	sasl.login.refresh.buffer.seconds = 300
	sasl.login.refresh.min.period.seconds = 60
	sasl.login.refresh.window.factor = 0.8
	sasl.login.refresh.window.jitter = 0.05
	sasl.mechanism.inter.broker.protocol = GSSAPI
	sasl.server.callback.handler.class = null
	security.inter.broker.protocol = PLAINTEXT
	security.providers = null
	socket.receive.buffer.bytes = 102400
	socket.request.max.bytes = 104857600
	socket.send.buffer.bytes = 102400
	ssl.cipher.suites = []
	ssl.client.auth = none
	ssl.enabled.protocols = [TLSv1.2]
	ssl.endpoint.identification.algorithm = https
	ssl.key.password = null
	ssl.keymanager.algorithm = SunX509
	ssl.keystore.location = null
	ssl.keystore.password = null
	ssl.keystore.type = JKS
	ssl.principal.mapping.rules = DEFAULT
	ssl.protocol = TLSv1.2
	ssl.provider = null
	ssl.secure.random.implementation = null
	ssl.trustmanager.algorithm = PKIX
	ssl.truststore.location = null
	ssl.truststore.password = null
	ssl.truststore.type = JKS
	transaction.abort.timed.out.transaction.cleanup.interval.ms = 10000
	transaction.max.timeout.ms = 900000
	transaction.remove.expired.transaction.cleanup.interval.ms = 3600000
	transaction.state.log.load.buffer.size = 5242880
	transaction.state.log.min.isr = 1
	transaction.state.log.num.partitions = 50
	transaction.state.log.replication.factor = 1
	transaction.state.log.segment.bytes = 104857600
	transactional.id.expiration.ms = 604800000
	unclean.leader.election.enable = false
	zookeeper.clientCnxnSocket = null
	zookeeper.connect = localhost:2181
	zookeeper.connection.timeout.ms = 18000
	zookeeper.max.in.flight.requests = 10
	zookeeper.session.timeout.ms = 18000
	zookeeper.set.acl = false
	zookeeper.ssl.cipher.suites = null
	zookeeper.ssl.client.enable = false
	zookeeper.ssl.crl.enable = false
	zookeeper.ssl.enabled.protocols = null
	zookeeper.ssl.endpoint.identification.algorithm = HTTPS
	zookeeper.ssl.keystore.location = null
	zookeeper.ssl.keystore.password = null
	zookeeper.ssl.keystore.type = null
	zookeeper.ssl.ocsp.enable = false
	zookeeper.ssl.protocol = TLSv1.2
	zookeeper.ssl.truststore.location = null
	zookeeper.ssl.truststore.password = null
	zookeeper.ssl.truststore.type = null
	zookeeper.sync.time.ms = 2000
 (kafka.server.KafkaConfig)
[2020-04-26 02:09:50,141] INFO KafkaConfig values: 
	advertised.host.name = null
	advertised.listeners = null
	advertised.port = null
	alter.config.policy.class.name = null
	alter.log.dirs.replication.quota.window.num = 11
	alter.log.dirs.replication.quota.window.size.seconds = 1
	authorizer.class.name = 
	auto.create.topics.enable = true
	auto.leader.rebalance.enable = true
	background.threads = 10
	broker.id = 0
	broker.id.generation.enable = true
	broker.rack = null
	client.quota.callback.class = null
	compression.type = producer
	connection.failed.authentication.delay.ms = 100
	connections.max.idle.ms = 600000
	connections.max.reauth.ms = 0
	control.plane.listener.name = null
	controlled.shutdown.enable = true
	controlled.shutdown.max.retries = 3
	controlled.shutdown.retry.backoff.ms = 5000
	controller.socket.timeout.ms = 30000
	create.topic.policy.class.name = null
	default.replication.factor = 1
	delegation.token.expiry.check.interval.ms = 3600000
	delegation.token.expiry.time.ms = 86400000
	delegation.token.master.key = null
	delegation.token.max.lifetime.ms = 604800000
	delete.records.purgatory.purge.interval.requests = 1
	delete.topic.enable = true
	fetch.max.bytes = 57671680
	fetch.purgatory.purge.interval.requests = 1000
	group.initial.rebalance.delay.ms = 0
	group.max.session.timeout.ms = 1800000
	group.max.size = 2147483647
	group.min.session.timeout.ms = 6000
	host.name = 
	inter.broker.listener.name = null
	inter.broker.protocol.version = 2.5-IV0
	kafka.metrics.polling.interval.secs = 10
	kafka.metrics.reporters = []
	leader.imbalance.check.interval.seconds = 300
	leader.imbalance.per.broker.percentage = 10
	listener.security.protocol.map = PLAINTEXT:PLAINTEXT,SSL:SSL,SASL_PLAINTEXT:SASL_PLAINTEXT,SASL_SSL:SASL_SSL
	listeners = null
	log.cleaner.backoff.ms = 15000
	log.cleaner.dedupe.buffer.size = 134217728
	log.cleaner.delete.retention.ms = 86400000
	log.cleaner.enable = true
	log.cleaner.io.buffer.load.factor = 0.9
	log.cleaner.io.buffer.size = 524288
	log.cleaner.io.max.bytes.per.second = 1.7976931348623157E308
	log.cleaner.max.compaction.lag.ms = 9223372036854775807
	log.cleaner.min.cleanable.ratio = 0.5
	log.cleaner.min.compaction.lag.ms = 0
	log.cleaner.threads = 1
	log.cleanup.policy = [delete]
	log.dir = /tmp/kafka-logs
	log.dirs = D:/Projects/COVID-19_Visulize/kafka/data/kafka
	log.flush.interval.messages = 9223372036854775807
	log.flush.interval.ms = null
	log.flush.offset.checkpoint.interval.ms = 60000
	log.flush.scheduler.interval.ms = 9223372036854775807
	log.flush.start.offset.checkpoint.interval.ms = 60000
	log.index.interval.bytes = 4096
	log.index.size.max.bytes = 10485760
	log.message.downconversion.enable = true
	log.message.format.version = 2.5-IV0
	log.message.timestamp.difference.max.ms = 9223372036854775807
	log.message.timestamp.type = CreateTime
	log.preallocate = false
	log.retention.bytes = -1
	log.retention.check.interval.ms = 300000
	log.retention.hours = 168
	log.retention.minutes = null
	log.retention.ms = null
	log.roll.hours = 168
	log.roll.jitter.hours = 0
	log.roll.jitter.ms = null
	log.roll.ms = null
	log.segment.bytes = 1073741824
	log.segment.delete.delay.ms = 60000
	max.connections = 2147483647
	max.connections.per.ip = 2147483647
	max.connections.per.ip.overrides = 
	max.incremental.fetch.session.cache.slots = 1000
	message.max.bytes = 1048588
	metric.reporters = []
	metrics.num.samples = 2
	metrics.recording.level = INFO
	metrics.sample.window.ms = 30000
	min.insync.replicas = 1
	num.io.threads = 8
	num.network.threads = 3
	num.partitions = 1
	num.recovery.threads.per.data.dir = 1
	num.replica.alter.log.dirs.threads = null
	num.replica.fetchers = 1
	offset.metadata.max.bytes = 4096
	offsets.commit.required.acks = -1
	offsets.commit.timeout.ms = 5000
	offsets.load.buffer.size = 5242880
	offsets.retention.check.interval.ms = 600000
	offsets.retention.minutes = 10080
	offsets.topic.compression.codec = 0
	offsets.topic.num.partitions = 50
	offsets.topic.replication.factor = 1
	offsets.topic.segment.bytes = 104857600
	password.encoder.cipher.algorithm = AES/CBC/PKCS5Padding
	password.encoder.iterations = 4096
	password.encoder.key.length = 128
	password.encoder.keyfactory.algorithm = null
	password.encoder.old.secret = null
	password.encoder.secret = null
	port = 9092
	principal.builder.class = null
	producer.purgatory.purge.interval.requests = 1000
	queued.max.request.bytes = -1
	queued.max.requests = 500
	quota.consumer.default = 9223372036854775807
	quota.producer.default = 9223372036854775807
	quota.window.num = 11
	quota.window.size.seconds = 1
	replica.fetch.backoff.ms = 1000
	replica.fetch.max.bytes = 1048576
	replica.fetch.min.bytes = 1
	replica.fetch.response.max.bytes = 10485760
	replica.fetch.wait.max.ms = 500
	replica.high.watermark.checkpoint.interval.ms = 5000
	replica.lag.time.max.ms = 30000
	replica.selector.class = null
	replica.socket.receive.buffer.bytes = 65536
	replica.socket.timeout.ms = 30000
	replication.quota.window.num = 11
	replication.quota.window.size.seconds = 1
	request.timeout.ms = 30000
	reserved.broker.max.id = 1000
	sasl.client.callback.handler.class = null
	sasl.enabled.mechanisms = [GSSAPI]
	sasl.jaas.config = null
	sasl.kerberos.kinit.cmd = /usr/bin/kinit
	sasl.kerberos.min.time.before.relogin = 60000
	sasl.kerberos.principal.to.local.rules = [DEFAULT]
	sasl.kerberos.service.name = null
	sasl.kerberos.ticket.renew.jitter = 0.05
	sasl.kerberos.ticket.renew.window.factor = 0.8
	sasl.login.callback.handler.class = null
	sasl.login.class = null
	sasl.login.refresh.buffer.seconds = 300
	sasl.login.refresh.min.period.seconds = 60
	sasl.login.refresh.window.factor = 0.8
	sasl.login.refresh.window.jitter = 0.05
	sasl.mechanism.inter.broker.protocol = GSSAPI
	sasl.server.callback.handler.class = null
	security.inter.broker.protocol = PLAINTEXT
	security.providers = null
	socket.receive.buffer.bytes = 102400
	socket.request.max.bytes = 104857600
	socket.send.buffer.bytes = 102400
	ssl.cipher.suites = []
	ssl.client.auth = none
	ssl.enabled.protocols = [TLSv1.2]
	ssl.endpoint.identification.algorithm = https
	ssl.key.password = null
	ssl.keymanager.algorithm = SunX509
	ssl.keystore.location = null
	ssl.keystore.password = null
	ssl.keystore.type = JKS
	ssl.principal.mapping.rules = DEFAULT
	ssl.protocol = TLSv1.2
	ssl.provider = null
	ssl.secure.random.implementation = null
	ssl.trustmanager.algorithm = PKIX
	ssl.truststore.location = null
	ssl.truststore.password = null
	ssl.truststore.type = JKS
	transaction.abort.timed.out.transaction.cleanup.interval.ms = 10000
	transaction.max.timeout.ms = 900000
	transaction.remove.expired.transaction.cleanup.interval.ms = 3600000
	transaction.state.log.load.buffer.size = 5242880
	transaction.state.log.min.isr = 1
	transaction.state.log.num.partitions = 50
	transaction.state.log.replication.factor = 1
	transaction.state.log.segment.bytes = 104857600
	transactional.id.expiration.ms = 604800000
	unclean.leader.election.enable = false
	zookeeper.clientCnxnSocket = null
	zookeeper.connect = localhost:2181
	zookeeper.connection.timeout.ms = 18000
	zookeeper.max.in.flight.requests = 10
	zookeeper.session.timeout.ms = 18000
	zookeeper.set.acl = false
	zookeeper.ssl.cipher.suites = null
	zookeeper.ssl.client.enable = false
	zookeeper.ssl.crl.enable = false
	zookeeper.ssl.enabled.protocols = null
	zookeeper.ssl.endpoint.identification.algorithm = HTTPS
	zookeeper.ssl.keystore.location = null
	zookeeper.ssl.keystore.password = null
	zookeeper.ssl.keystore.type = null
	zookeeper.ssl.ocsp.enable = false
	zookeeper.ssl.protocol = TLSv1.2
	zookeeper.ssl.truststore.location = null
	zookeeper.ssl.truststore.password = null
	zookeeper.ssl.truststore.type = null
	zookeeper.sync.time.ms = 2000
 (kafka.server.KafkaConfig)
[2020-04-26 02:09:50,171] INFO [ThrottledChannelReaper-Fetch]: Starting (kafka.server.ClientQuotaManager$ThrottledChannelReaper)
[2020-04-26 02:09:50,173] INFO [ThrottledChannelReaper-Produce]: Starting (kafka.server.ClientQuotaManager$ThrottledChannelReaper)
[2020-04-26 02:09:50,174] INFO [ThrottledChannelReaper-Request]: Starting (kafka.server.ClientQuotaManager$ThrottledChannelReaper)
[2020-04-26 02:09:50,207] INFO Loading logs. (kafka.log.LogManager)
[2020-04-26 02:09:50,216] INFO Logs loading complete in 8 ms. (kafka.log.LogManager)
[2020-04-26 02:09:50,237] INFO Starting log cleanup with a period of 300000 ms. (kafka.log.LogManager)
[2020-04-26 02:09:50,239] INFO Starting log flusher with a default period of 9223372036854775807 ms. (kafka.log.LogManager)
[2020-04-26 02:09:50,654] INFO Awaiting socket connections on 0.0.0.0:9092. (kafka.network.Acceptor)
[2020-04-26 02:09:50,721] INFO [SocketServer brokerId=0] Created data-plane acceptor and processors for endpoint : EndPoint(null,9092,ListenerName(PLAINTEXT),PLAINTEXT) (kafka.network.SocketServer)
[2020-04-26 02:09:50,722] INFO [SocketServer brokerId=0] Started 1 acceptor threads for data-plane (kafka.network.SocketServer)
[2020-04-26 02:09:50,745] INFO [ExpirationReaper-0-Produce]: Starting (kafka.server.DelayedOperationPurgatory$ExpiredOperationReaper)
[2020-04-26 02:09:50,747] INFO [ExpirationReaper-0-Fetch]: Starting (kafka.server.DelayedOperationPurgatory$ExpiredOperationReaper)
[2020-04-26 02:09:50,747] INFO [ExpirationReaper-0-ElectLeader]: Starting (kafka.server.DelayedOperationPurgatory$ExpiredOperationReaper)
[2020-04-26 02:09:50,747] INFO [ExpirationReaper-0-DeleteRecords]: Starting (kafka.server.DelayedOperationPurgatory$ExpiredOperationReaper)
[2020-04-26 02:09:50,759] INFO [LogDirFailureHandler]: Starting (kafka.server.ReplicaManager$LogDirFailureHandler)
[2020-04-26 02:09:50,778] INFO Creating /brokers/ids/0 (is it secure? false) (kafka.zk.KafkaZkClient)
[2020-04-26 02:09:50,886] INFO Stat of the created znode at /brokers/ids/0 is: 26,26,1587856190809,1587856190809,1,0,0,72057660302295041,200,0,26
 (kafka.zk.KafkaZkClient)
[2020-04-26 02:09:50,887] INFO Registered broker 0 at path /brokers/ids/0 with addresses: ArrayBuffer(EndPoint(DESKTOP-32US03S,9092,ListenerName(PLAINTEXT),PLAINTEXT)), czxid (broker epoch): 26 (kafka.zk.KafkaZkClient)
[2020-04-26 02:09:51,029] INFO [ExpirationReaper-0-topic]: Starting (kafka.server.DelayedOperationPurgatory$ExpiredOperationReaper)
[2020-04-26 02:09:51,035] INFO [ExpirationReaper-0-Heartbeat]: Starting (kafka.server.DelayedOperationPurgatory$ExpiredOperationReaper)
[2020-04-26 02:09:51,036] INFO [ExpirationReaper-0-Rebalance]: Starting (kafka.server.DelayedOperationPurgatory$ExpiredOperationReaper)
[2020-04-26 02:09:51,095] INFO Successfully created /controller_epoch with initial epoch 0 (kafka.zk.KafkaZkClient)
[2020-04-26 02:09:51,183] INFO [GroupCoordinator 0]: Starting up. (kafka.coordinator.group.GroupCoordinator)
[2020-04-26 02:09:51,184] INFO [GroupCoordinator 0]: Startup complete. (kafka.coordinator.group.GroupCoordinator)
[2020-04-26 02:09:51,189] INFO [GroupMetadataManager brokerId=0] Removed 0 expired offsets in 4 milliseconds. (kafka.coordinator.group.GroupMetadataManager)
[2020-04-26 02:09:51,278] INFO [ProducerId Manager 0]: Acquired new producerId block (brokerId:0,blockStartProducerId:0,blockEndProducerId:999) by writing to Zk with path version 1 (kafka.coordinator.transaction.ProducerIdManager)
[2020-04-26 02:09:51,305] INFO [TransactionCoordinator id=0] Starting up. (kafka.coordinator.transaction.TransactionCoordinator)
[2020-04-26 02:09:51,308] INFO [Transaction Marker Channel Manager 0]: Starting (kafka.coordinator.transaction.TransactionMarkerChannelManager)
[2020-04-26 02:09:51,308] INFO [TransactionCoordinator id=0] Startup complete. (kafka.coordinator.transaction.TransactionCoordinator)
[2020-04-26 02:09:51,337] INFO [ExpirationReaper-0-AlterAcls]: Starting (kafka.server.DelayedOperationPurgatory$ExpiredOperationReaper)
[2020-04-26 02:09:51,425] INFO [/config/changes-event-process-thread]: Starting (kafka.common.ZkNodeChangeNotificationListener$ChangeEventProcessThread)
[2020-04-26 02:09:51,436] INFO [SocketServer brokerId=0] Started data-plane processors for 1 acceptors (kafka.network.SocketServer)
[2020-04-26 02:09:51,440] INFO Kafka version: 2.5.0 (org.apache.kafka.common.utils.AppInfoParser)
[2020-04-26 02:09:51,440] INFO Kafka commitId: 66563e712b0b9f84 (org.apache.kafka.common.utils.AppInfoParser)
[2020-04-26 02:09:51,441] INFO Kafka startTimeMs: 1587856191437 (org.apache.kafka.common.utils.AppInfoParser)
[2020-04-26 02:09:51,443] INFO [KafkaServer id=0] started (kafka.server.KafkaServer)
[2020-04-26 02:12:58,417] INFO [ReplicaFetcherManager on broker 0] Removed fetcher for partitions Set(testFrontend-0) (kafka.server.ReplicaFetcherManager)
[2020-04-26 02:12:58,496] INFO [Log partition=testFrontend-0, dir=D:\Projects\COVID-19_Visulize\kafka\data\kafka] Loading producer state till offset 0 with message format version 2 (kafka.log.Log)
[2020-04-26 02:12:58,503] INFO [Log partition=testFrontend-0, dir=D:\Projects\COVID-19_Visulize\kafka\data\kafka] Completed load of log with 1 segments, log start offset 0 and log end offset 0 in 45 ms (kafka.log.Log)
[2020-04-26 02:12:58,505] INFO Created log for partition testFrontend-0 in D:\Projects\COVID-19_Visulize\kafka\data\kafka\testFrontend-0 with properties {compression.type -> producer, message.downconversion.enable -> true, min.insync.replicas -> 1, segment.jitter.ms -> 0, cleanup.policy -> [delete], flush.ms -> 9223372036854775807, segment.bytes -> 1073741824, retention.ms -> 604800000, flush.messages -> 9223372036854775807, message.format.version -> 2.5-IV0, file.delete.delay.ms -> 60000, max.compaction.lag.ms -> 9223372036854775807, max.message.bytes -> 1048588, min.compaction.lag.ms -> 0, message.timestamp.type -> CreateTime, preallocate -> false, min.cleanable.dirty.ratio -> 0.5, index.interval.bytes -> 4096, unclean.leader.election.enable -> false, retention.bytes -> -1, delete.retention.ms -> 86400000, segment.ms -> 604800000, message.timestamp.difference.max.ms -> 9223372036854775807, segment.index.bytes -> 10485760}. (kafka.log.LogManager)
[2020-04-26 02:12:58,506] INFO [Partition testFrontend-0 broker=0] No checkpointed highwatermark is found for partition testFrontend-0 (kafka.cluster.Partition)
[2020-04-26 02:12:58,508] INFO [Partition testFrontend-0 broker=0] Log loaded for partition testFrontend-0 with initial high watermark 0 (kafka.cluster.Partition)
[2020-04-26 02:12:58,509] INFO [Partition testFrontend-0 broker=0] testFrontend-0 starts at leader epoch 0 from offset 0 with high watermark 0. Previous leader epoch was -1. (kafka.cluster.Partition)
[2020-04-26 02:19:51,185] INFO [GroupMetadataManager brokerId=0] Removed 0 expired offsets in 0 milliseconds. (kafka.coordinator.group.GroupMetadataManager)
